<?xml version="1.0" encoding="UTF-8"?>
<!-- Generated by org.testng.reporters.JUnitReportReporter -->
<testsuite hostname="Home" failures="0" tests="1" name="elixir_Login.Login_Test" time="12.183" errors="0" timestamp="23 Jun 2018 20:46:31 GMT" skipped="0">
  <testcase classname="elixir_Login.Login_Test" name="loginFun" time="12.183"/>
</testsuite> <!-- elixir_Login.Login_Test -->
