<?xml version="1.0" encoding="UTF-8"?>
<!-- Generated by org.testng.reporters.JUnitReportReporter -->
<testsuite hostname="Home" failures="0" tests="1" name="testng.NewTest" time="4.522" errors="0" timestamp="22 Jun 2018 20:10:57 GMT" skipped="0">
  <testcase classname="testng.NewTest" name="f" time="4.522"/>
</testsuite> <!-- testng.NewTest -->
