<?xml version="1.0" encoding="UTF-8"?>
<!-- Generated by org.testng.reporters.JUnitReportReporter -->
<testsuite hostname="Home" failures="0" tests="1" name="testng.SampleTest" time="0.015" errors="0" timestamp="15 Jun 2018 17:10:53 GMT" skipped="0">
  <testcase classname="testng.SampleTest" name="f" time="0.015"/>
</testsuite> <!-- testng.SampleTest -->
