<?xml version="1.0" encoding="UTF-8"?>
<!-- Generated by org.testng.reporters.JUnitReportReporter -->
<testsuite hostname="Home" failures="0" tests="1" name="webdriver.GroupsTest" time="0.032" errors="0" timestamp="26 Jun 2018 19:13:50 GMT" skipped="0">
  <testcase classname="webdriver.GroupsTest" name="f" time="0.032"/>
</testsuite> <!-- webdriver.GroupsTest -->
