<?xml version="1.0" encoding="UTF-8"?>
<!-- Generated by org.testng.reporters.JUnitReportReporter -->
<testsuite hostname="Home" failures="0" tests="1" name="testng.ElixirTest" time="0.800" errors="0" timestamp="16 Jul 2018 18:31:35 GMT" skipped="0">
  <testcase classname="testng.ElixirTest" name="f" time="0.800"/>
</testsuite> <!-- testng.ElixirTest -->
