<?xml version="1.0" encoding="UTF-8"?>
<!-- Generated by org.testng.reporters.JUnitReportReporter -->
<testsuite hostname="Home" failures="0" tests="2" name="testng.SampleTest2" time="0.015" errors="0" timestamp="15 Jun 2018 17:27:28 GMT" skipped="1">
  <testcase classname="testng.SampleTest2" name="a" time="0.015"/>
  <testcase classname="testng.SampleTest2" name="f">
    <skipped/>
  </testcase> <!-- f -->
</testsuite> <!-- testng.SampleTest2 -->
